# project ns (3.18) configured on Sun Feb 19 13:42:56 2023 by
# waf 1.7.11 (abi 98, python 20705f0 on linux2)
# using ./waf configure
#
----------------------------------------
Setting top to
/nethome/aitagi7/research/astra-sim-inf/astra-sim/extern/network_backend/ns3-interface/simulation
----------------------------------------
Setting out to
/nethome/aitagi7/research/astra-sim-inf/astra-sim/extern/network_backend/ns3-interface/simulation/build
----------------------------------------
Checking for 'gcc' (c compiler)
find program=['gcc', 'cc'] paths='' var='CC' -> 'gcc-5'
from /nethome/aitagi7/research/astra-sim-inf/astra-sim/extern/network_backend/ns3-interface/simulation: Could not determine the compiler version ['gcc-5', '-dM', '-E', '-']
not found
----------------------------------------
Checking for 'icc' (c compiler)
from /nethome/aitagi7/research/astra-sim-inf/astra-sim/extern/network_backend/ns3-interface/simulation: Could not determine the compiler version ['gcc-5', '-dM', '-E', '-']
not found
from /nethome/aitagi7/research/astra-sim-inf/astra-sim/extern/network_backend/ns3-interface/simulation: could not configure a c compiler!
